<?xml version="1.0" encoding="UTF-8"?>
<testsuite xmlns:xsi="http://www.w3.org/2001/XMLSchema-instance" xsi:noNamespaceSchemaLocation="https://maven.apache.org/surefire/maven-surefire-plugin/xsd/surefire-test-report.xsd" name="com.keven.redission.AppTest" time="0.097" tests="1" errors="0" skipped="0" failures="0">
  <properties>
    <property name="sun.desktop" value="windows"/>
    <property name="awt.toolkit" value="sun.awt.windows.WToolkit"/>
    <property name="file.encoding.pkg" value="sun.io"/>
    <property name="java.specification.version" value="1.8"/>
    <property name="sun.cpu.isalist" value="amd64"/>
    <property name="sun.jnu.encoding" value="GBK"/>
    <property name="java.class.path" value="Z:\githubProject\redission-spring-boot-starter\target\test-classes;Z:\githubProject\redission-spring-boot-starter\target\classes;H:\tools\Maven-3.6.1\repository\junit\junit\4.11\junit-4.11.jar;H:\tools\Maven-3.6.1\repository\org\hamcrest\hamcrest-core\1.3\hamcrest-core-1.3.jar;H:\tools\Maven-3.6.1\repository\org\springframework\boot\spring-boot-starter\2.3.1.RELEASE\spring-boot-starter-2.3.1.RELEASE.jar;H:\tools\Maven-3.6.1\repository\org\springframework\boot\spring-boot\2.3.1.RELEASE\spring-boot-2.3.1.RELEASE.jar;H:\tools\Maven-3.6.1\repository\org\springframework\spring-context\5.2.7.RELEASE\spring-context-5.2.7.RELEASE.jar;H:\tools\Maven-3.6.1\repository\org\springframework\spring-aop\5.2.7.RELEASE\spring-aop-5.2.7.RELEASE.jar;H:\tools\Maven-3.6.1\repository\org\springframework\spring-beans\5.2.7.RELEASE\spring-beans-5.2.7.RELEASE.jar;H:\tools\Maven-3.6.1\repository\org\springframework\spring-expression\5.2.7.RELEASE\spring-expression-5.2.7.RELEASE.jar;H:\tools\Maven-3.6.1\repository\org\springframework\boot\spring-boot-autoconfigure\2.3.1.RELEASE\spring-boot-autoconfigure-2.3.1.RELEASE.jar;H:\tools\Maven-3.6.1\repository\org\springframework\boot\spring-boot-starter-logging\2.3.1.RELEASE\spring-boot-starter-logging-2.3.1.RELEASE.jar;H:\tools\Maven-3.6.1\repository\ch\qos\logback\logback-classic\1.2.3\logback-classic-1.2.3.jar;H:\tools\Maven-3.6.1\repository\ch\qos\logback\logback-core\1.2.3\logback-core-1.2.3.jar;H:\tools\Maven-3.6.1\repository\org\apache\logging\log4j\log4j-to-slf4j\2.13.3\log4j-to-slf4j-2.13.3.jar;H:\tools\Maven-3.6.1\repository\org\apache\logging\log4j\log4j-api\2.13.3\log4j-api-2.13.3.jar;H:\tools\Maven-3.6.1\repository\org\slf4j\jul-to-slf4j\1.7.30\jul-to-slf4j-1.7.30.jar;H:\tools\Maven-3.6.1\repository\jakarta\annotation\jakarta.annotation-api\1.3.5\jakarta.annotation-api-1.3.5.jar;H:\tools\Maven-3.6.1\repository\org\springframework\spring-core\5.2.7.RELEASE\spring-core-5.2.7.RELEASE.jar;H:\tools\Maven-3.6.1\repository\org\springframework\spring-jcl\5.2.7.RELEASE\spring-jcl-5.2.7.RELEASE.jar;H:\tools\Maven-3.6.1\repository\org\yaml\snakeyaml\1.26\snakeyaml-1.26.jar;H:\tools\Maven-3.6.1\repository\org\redisson\redisson\3.13.1\redisson-3.13.1.jar;H:\tools\Maven-3.6.1\repository\io\netty\netty-common\4.1.50.Final\netty-common-4.1.50.Final.jar;H:\tools\Maven-3.6.1\repository\io\netty\netty-codec\4.1.50.Final\netty-codec-4.1.50.Final.jar;H:\tools\Maven-3.6.1\repository\io\netty\netty-buffer\4.1.50.Final\netty-buffer-4.1.50.Final.jar;H:\tools\Maven-3.6.1\repository\io\netty\netty-transport\4.1.50.Final\netty-transport-4.1.50.Final.jar;H:\tools\Maven-3.6.1\repository\io\netty\netty-resolver\4.1.50.Final\netty-resolver-4.1.50.Final.jar;H:\tools\Maven-3.6.1\repository\io\netty\netty-resolver-dns\4.1.50.Final\netty-resolver-dns-4.1.50.Final.jar;H:\tools\Maven-3.6.1\repository\io\netty\netty-codec-dns\4.1.50.Final\netty-codec-dns-4.1.50.Final.jar;H:\tools\Maven-3.6.1\repository\io\netty\netty-handler\4.1.50.Final\netty-handler-4.1.50.Final.jar;H:\tools\Maven-3.6.1\repository\javax\cache\cache-api\1.0.0\cache-api-1.0.0.jar;H:\tools\Maven-3.6.1\repository\io\projectreactor\reactor-core\3.3.4.RELEASE\reactor-core-3.3.4.RELEASE.jar;H:\tools\Maven-3.6.1\repository\org\reactivestreams\reactive-streams\1.0.3\reactive-streams-1.0.3.jar;H:\tools\Maven-3.6.1\repository\io\reactivex\rxjava2\rxjava\2.2.19\rxjava-2.2.19.jar;H:\tools\Maven-3.6.1\repository\org\jboss\marshalling\jboss-marshalling-river\2.0.9.Final\jboss-marshalling-river-2.0.9.Final.jar;H:\tools\Maven-3.6.1\repository\org\jboss\marshalling\jboss-marshalling\2.0.9.Final\jboss-marshalling-2.0.9.Final.jar;H:\tools\Maven-3.6.1\repository\org\slf4j\slf4j-api\1.7.30\slf4j-api-1.7.30.jar;H:\tools\Maven-3.6.1\repository\com\fasterxml\jackson\dataformat\jackson-dataformat-yaml\2.10.4\jackson-dataformat-yaml-2.10.4.jar;H:\tools\Maven-3.6.1\repository\com\fasterxml\jackson\core\jackson-core\2.10.4\jackson-core-2.10.4.jar;H:\tools\Maven-3.6.1\repository\com\fasterxml\jackson\core\jackson-databind\2.10.4\jackson-databind-2.10.4.jar;H:\tools\Maven-3.6.1\repository\com\fasterxml\jackson\core\jackson-annotations\2.10.4\jackson-annotations-2.10.4.jar;H:\tools\Maven-3.6.1\repository\net\bytebuddy\byte-buddy\1.10.7\byte-buddy-1.10.7.jar;H:\tools\Maven-3.6.1\repository\org\jodd\jodd-bean\5.0.13\jodd-bean-5.0.13.jar;H:\tools\Maven-3.6.1\repository\org\jodd\jodd-core\5.0.13\jodd-core-5.0.13.jar;H:\tools\Maven-3.6.1\repository\org\springframework\boot\spring-boot-configuration-processor\2.3.1.RELEASE\spring-boot-configuration-processor-2.3.1.RELEASE.jar;"/>
    <property name="java.vm.vendor" value="Oracle Corporation"/>
    <property name="sun.arch.data.model" value="64"/>
    <property name="user.variant" value=""/>
    <property name="java.vendor.url" value="http://java.oracle.com/"/>
    <property name="user.timezone" value="Asia/Shanghai"/>
    <property name="java.vm.specification.version" value="1.8"/>
    <property name="os.name" value="Windows 10"/>
    <property name="user.country" value="CN"/>
    <property name="sun.java.launcher" value="SUN_STANDARD"/>
    <property name="sun.boot.library.path" value="H:\Java\jre\bin"/>
    <property name="sun.java.command" value="C:\Users\keven\AppData\Local\Temp\surefire5781807940376237796\surefirebooter7630794467997133820.jar C:\Users\keven\AppData\Local\Temp\surefire5781807940376237796 2020-08-06T22-28-20_011-jvmRun1 surefire7138350822484769444tmp surefire_03165662673707095940tmp"/>
    <property name="surefire.test.class.path" value="Z:\githubProject\redission-spring-boot-starter\target\test-classes;Z:\githubProject\redission-spring-boot-starter\target\classes;H:\tools\Maven-3.6.1\repository\junit\junit\4.11\junit-4.11.jar;H:\tools\Maven-3.6.1\repository\org\hamcrest\hamcrest-core\1.3\hamcrest-core-1.3.jar;H:\tools\Maven-3.6.1\repository\org\springframework\boot\spring-boot-starter\2.3.1.RELEASE\spring-boot-starter-2.3.1.RELEASE.jar;H:\tools\Maven-3.6.1\repository\org\springframework\boot\spring-boot\2.3.1.RELEASE\spring-boot-2.3.1.RELEASE.jar;H:\tools\Maven-3.6.1\repository\org\springframework\spring-context\5.2.7.RELEASE\spring-context-5.2.7.RELEASE.jar;H:\tools\Maven-3.6.1\repository\org\springframework\spring-aop\5.2.7.RELEASE\spring-aop-5.2.7.RELEASE.jar;H:\tools\Maven-3.6.1\repository\org\springframework\spring-beans\5.2.7.RELEASE\spring-beans-5.2.7.RELEASE.jar;H:\tools\Maven-3.6.1\repository\org\springframework\spring-expression\5.2.7.RELEASE\spring-expression-5.2.7.RELEASE.jar;H:\tools\Maven-3.6.1\repository\org\springframework\boot\spring-boot-autoconfigure\2.3.1.RELEASE\spring-boot-autoconfigure-2.3.1.RELEASE.jar;H:\tools\Maven-3.6.1\repository\org\springframework\boot\spring-boot-starter-logging\2.3.1.RELEASE\spring-boot-starter-logging-2.3.1.RELEASE.jar;H:\tools\Maven-3.6.1\repository\ch\qos\logback\logback-classic\1.2.3\logback-classic-1.2.3.jar;H:\tools\Maven-3.6.1\repository\ch\qos\logback\logback-core\1.2.3\logback-core-1.2.3.jar;H:\tools\Maven-3.6.1\repository\org\apache\logging\log4j\log4j-to-slf4j\2.13.3\log4j-to-slf4j-2.13.3.jar;H:\tools\Maven-3.6.1\repository\org\apache\logging\log4j\log4j-api\2.13.3\log4j-api-2.13.3.jar;H:\tools\Maven-3.6.1\repository\org\slf4j\jul-to-slf4j\1.7.30\jul-to-slf4j-1.7.30.jar;H:\tools\Maven-3.6.1\repository\jakarta\annotation\jakarta.annotation-api\1.3.5\jakarta.annotation-api-1.3.5.jar;H:\tools\Maven-3.6.1\repository\org\springframework\spring-core\5.2.7.RELEASE\spring-core-5.2.7.RELEASE.jar;H:\tools\Maven-3.6.1\repository\org\springframework\spring-jcl\5.2.7.RELEASE\spring-jcl-5.2.7.RELEASE.jar;H:\tools\Maven-3.6.1\repository\org\yaml\snakeyaml\1.26\snakeyaml-1.26.jar;H:\tools\Maven-3.6.1\repository\org\redisson\redisson\3.13.1\redisson-3.13.1.jar;H:\tools\Maven-3.6.1\repository\io\netty\netty-common\4.1.50.Final\netty-common-4.1.50.Final.jar;H:\tools\Maven-3.6.1\repository\io\netty\netty-codec\4.1.50.Final\netty-codec-4.1.50.Final.jar;H:\tools\Maven-3.6.1\repository\io\netty\netty-buffer\4.1.50.Final\netty-buffer-4.1.50.Final.jar;H:\tools\Maven-3.6.1\repository\io\netty\netty-transport\4.1.50.Final\netty-transport-4.1.50.Final.jar;H:\tools\Maven-3.6.1\repository\io\netty\netty-resolver\4.1.50.Final\netty-resolver-4.1.50.Final.jar;H:\tools\Maven-3.6.1\repository\io\netty\netty-resolver-dns\4.1.50.Final\netty-resolver-dns-4.1.50.Final.jar;H:\tools\Maven-3.6.1\repository\io\netty\netty-codec-dns\4.1.50.Final\netty-codec-dns-4.1.50.Final.jar;H:\tools\Maven-3.6.1\repository\io\netty\netty-handler\4.1.50.Final\netty-handler-4.1.50.Final.jar;H:\tools\Maven-3.6.1\repository\javax\cache\cache-api\1.0.0\cache-api-1.0.0.jar;H:\tools\Maven-3.6.1\repository\io\projectreactor\reactor-core\3.3.4.RELEASE\reactor-core-3.3.4.RELEASE.jar;H:\tools\Maven-3.6.1\repository\org\reactivestreams\reactive-streams\1.0.3\reactive-streams-1.0.3.jar;H:\tools\Maven-3.6.1\repository\io\reactivex\rxjava2\rxjava\2.2.19\rxjava-2.2.19.jar;H:\tools\Maven-3.6.1\repository\org\jboss\marshalling\jboss-marshalling-river\2.0.9.Final\jboss-marshalling-river-2.0.9.Final.jar;H:\tools\Maven-3.6.1\repository\org\jboss\marshalling\jboss-marshalling\2.0.9.Final\jboss-marshalling-2.0.9.Final.jar;H:\tools\Maven-3.6.1\repository\org\slf4j\slf4j-api\1.7.30\slf4j-api-1.7.30.jar;H:\tools\Maven-3.6.1\repository\com\fasterxml\jackson\dataformat\jackson-dataformat-yaml\2.10.4\jackson-dataformat-yaml-2.10.4.jar;H:\tools\Maven-3.6.1\repository\com\fasterxml\jackson\core\jackson-core\2.10.4\jackson-core-2.10.4.jar;H:\tools\Maven-3.6.1\repository\com\fasterxml\jackson\core\jackson-databind\2.10.4\jackson-databind-2.10.4.jar;H:\tools\Maven-3.6.1\repository\com\fasterxml\jackson\core\jackson-annotations\2.10.4\jackson-annotations-2.10.4.jar;H:\tools\Maven-3.6.1\repository\net\bytebuddy\byte-buddy\1.10.7\byte-buddy-1.10.7.jar;H:\tools\Maven-3.6.1\repository\org\jodd\jodd-bean\5.0.13\jodd-bean-5.0.13.jar;H:\tools\Maven-3.6.1\repository\org\jodd\jodd-core\5.0.13\jodd-core-5.0.13.jar;H:\tools\Maven-3.6.1\repository\org\springframework\boot\spring-boot-configuration-processor\2.3.1.RELEASE\spring-boot-configuration-processor-2.3.1.RELEASE.jar;"/>
    <property name="sun.cpu.endian" value="little"/>
    <property name="user.home" value="C:\Users\keven"/>
    <property name="user.language" value="zh"/>
    <property name="java.specification.vendor" value="Oracle Corporation"/>
    <property name="java.home" value="H:\Java\jre"/>
    <property name="basedir" value="Z:\githubProject\redission-spring-boot-starter"/>
    <property name="file.separator" value="\"/>
    <property name="line.separator" value="&#10;"/>
    <property name="java.vm.specification.vendor" value="Oracle Corporation"/>
    <property name="java.specification.name" value="Java Platform API Specification"/>
    <property name="java.awt.graphicsenv" value="sun.awt.Win32GraphicsEnvironment"/>
    <property name="surefire.real.class.path" value="C:\Users\keven\AppData\Local\Temp\surefire5781807940376237796\surefirebooter7630794467997133820.jar"/>
    <property name="sun.boot.class.path" value="H:\Java\jre\lib\resources.jar;H:\Java\jre\lib\rt.jar;H:\Java\jre\lib\sunrsasign.jar;H:\Java\jre\lib\jsse.jar;H:\Java\jre\lib\jce.jar;H:\Java\jre\lib\charsets.jar;H:\Java\jre\lib\jfr.jar;H:\Java\jre\classes"/>
    <property name="user.script" value=""/>
    <property name="sun.management.compiler" value="HotSpot 64-Bit Tiered Compilers"/>
    <property name="java.runtime.version" value="1.8.0_202-b08"/>
    <property name="user.name" value="keven"/>
    <property name="path.separator" value=";"/>
    <property name="os.version" value="10.0"/>
    <property name="java.endorsed.dirs" value="H:\Java\jre\lib\endorsed"/>
    <property name="java.runtime.name" value="Java(TM) SE Runtime Environment"/>
    <property name="file.encoding" value="GBK"/>
    <property name="java.vm.name" value="Java HotSpot(TM) 64-Bit Server VM"/>
    <property name="localRepository" value="H:\tools\Maven-3.6.1\repository"/>
    <property name="java.vendor.url.bug" value="http://bugreport.sun.com/bugreport/"/>
    <property name="java.io.tmpdir" value="C:\Users\keven\AppData\Local\Temp\"/>
    <property name="idea.version" value="2018.3"/>
    <property name="java.version" value="1.8.0_202"/>
    <property name="user.dir" value="Z:\githubProject\redission-spring-boot-starter"/>
    <property name="os.arch" value="amd64"/>
    <property name="java.vm.specification.name" value="Java Virtual Machine Specification"/>
    <property name="java.awt.printerjob" value="sun.awt.windows.WPrinterJob"/>
    <property name="sun.os.patch.level" value=""/>
    <property name="java.library.path" value="H:\Java\jre\bin;C:\WINDOWS\Sun\Java\bin;C:\WINDOWS\system32;C:\WINDOWS;C:\Program Files (x86)\Common Files\Oracle\Java\javapath;C:\WINDOWS\system32;C:\WINDOWS;C:\WINDOWS\System32\Wbem;C:\WINDOWS\System32\WindowsPowerShell\v1.0\;C:\WINDOWS\System32\OpenSSH\;H:\tools\windows-git\cmd;H:\tools\node\;Z:\githubBlog\Ruby25-x64\bin;C:\Program Files\MySQL\MySQL Shell 8.0\bin\;C:\Users\keven\AppData\Local\Keybase\;C:\Users\keven\AppData\Roaming\npm;C:\Users\keven\AppData\Local\GitHubDesktop\bin;."/>
    <property name="java.vm.info" value="mixed mode"/>
    <property name="java.vendor" value="Oracle Corporation"/>
    <property name="java.vm.version" value="25.202-b08"/>
    <property name="java.ext.dirs" value="H:\Java\jre\lib\ext;C:\WINDOWS\Sun\Java\lib\ext"/>
    <property name="sun.io.unicode.encoding" value="UnicodeLittle"/>
    <property name="maven.repo.local" value="H:\tools\Maven-3.6.1\repository"/>
    <property name="java.class.version" value="52.0"/>
  </properties>
  <testcase name="shouldAnswerWithTrue" classname="com.keven.redission.AppTest" time="0.006"/>
</testsuite>